TN:
SF:/Users/cliffano/dev/workspace/ae86/lib/ae86.js
FN:13,AE86
FN:23,(anonymous_2)
FN:32,(anonymous_3)
FN:36,_static
FN:41,_pages
FN:43,_params
FN:55,(anonymous_7)
FN:56,(anonymous_8)
FN:61,(anonymous_9)
FN:73,(anonymous_10)
FN:78,_listener
FN:85,_watch
FN:90,(anonymous_13)
FN:94,(anonymous_14)
FN:98,(anonymous_15)
FN:113,(anonymous_16)
FNF:16
FNH:16
FNDA:14,AE86
FNDA:1,(anonymous_2)
FNDA:1,(anonymous_3)
FNDA:1,_static
FNDA:1,_pages
FNDA:1,_params
FNDA:3,(anonymous_7)
FNDA:3,(anonymous_8)
FNDA:1,(anonymous_9)
FNDA:4,(anonymous_10)
FNDA:15,_listener
FNDA:20,_watch
FNDA:5,(anonymous_13)
FNDA:5,(anonymous_14)
FNDA:5,(anonymous_15)
FNDA:2,(anonymous_16)
DA:1,1
DA:13,1
DA:14,14
DA:15,14
DA:23,1
DA:24,1
DA:32,1
DA:34,1
DA:36,1
DA:38,1
DA:41,1
DA:43,1
DA:45,1
DA:47,1
DA:48,1
DA:49,1
DA:52,1
DA:55,1
DA:56,3
DA:57,3
DA:61,1
DA:62,1
DA:66,1
DA:73,1
DA:74,4
DA:76,4
DA:78,1
DA:80,15
DA:82,15
DA:85,1
DA:86,20
DA:90,20
DA:91,5
DA:92,5
DA:94,20
DA:95,5
DA:96,5
DA:98,20
DA:99,5
DA:100,5
DA:101,5
DA:105,4
DA:113,1
DA:114,2
DA:117,1
LF:45
LH:45
BRDA:14,1,0,14
BRDA:14,1,1,7
BRDA:15,2,0,14
BRDA:15,2,1,12
BRDA:47,3,0,1
BRDA:47,3,1,1
BRF:6
BRH:6
end_of_record
TN:
SF:/Users/cliffano/dev/workspace/ae86/lib/engine.js
FN:17,Engine
FN:30,(anonymous_2)
FN:35,_task
FN:38,(anonymous_4)
FN:39,(anonymous_5)
FN:45,(anonymous_6)
FN:46,(anonymous_7)
FN:65,(anonymous_8)
FN:68,_process
FN:72,(anonymous_10)
FN:73,(anonymous_11)
FN:74,(anonymous_12)
FN:80,(anonymous_13)
FN:87,(anonymous_14)
FN:88,(anonymous_15)
FN:93,_mergePartials
FN:94,(anonymous_17)
FN:97,(anonymous_18)
FN:104,_mergePage
FN:105,(anonymous_20)
FN:111,_mergeLayout
FN:113,(anonymous_22)
FN:119,_writePage
FN:120,(anonymous_24)
FN:122,(anonymous_25)
FN:138,(anonymous_26)
FNF:26
FNH:26
FNDA:12,Engine
FNDA:3,(anonymous_2)
FNDA:4,_task
FNDA:4,(anonymous_4)
FNDA:4,(anonymous_5)
FNDA:3,(anonymous_6)
FNDA:10,(anonymous_7)
FNDA:6,(anonymous_8)
FNDA:24,_process
FNDA:14,(anonymous_10)
FNDA:14,(anonymous_11)
FNDA:14,(anonymous_12)
FNDA:24,(anonymous_13)
FNDA:6,(anonymous_14)
FNDA:6,(anonymous_15)
FNDA:6,_mergePartials
FNDA:6,(anonymous_17)
FNDA:6,(anonymous_18)
FNDA:6,_mergePage
FNDA:6,(anonymous_20)
FNDA:6,_mergeLayout
FNDA:6,(anonymous_22)
FNDA:6,_writePage
FNDA:6,(anonymous_24)
FNDA:4,(anonymous_25)
FNDA:6,(anonymous_26)
DA:1,1
DA:17,1
DA:18,12
DA:19,12
DA:20,12
DA:30,1
DA:32,3
DA:35,1
DA:36,4
DA:38,4
DA:39,4
DA:40,4
DA:45,3
DA:46,3
DA:47,10
DA:48,4
DA:53,3
DA:65,1
DA:68,1
DA:69,24
DA:72,24
DA:73,14
DA:74,14
DA:75,14
DA:80,24
DA:81,24
DA:85,6
DA:87,6
DA:88,6
DA:90,6
DA:93,1
DA:94,6
DA:95,6
DA:96,6
DA:97,6
DA:98,6
DA:99,6
DA:104,1
DA:105,6
DA:106,6
DA:107,6
DA:111,1
DA:112,6
DA:113,6
DA:114,6
DA:115,6
DA:119,1
DA:120,6
DA:121,6
DA:122,4
DA:123,4
DA:124,3
DA:126,4
DA:129,2
DA:134,6
DA:138,6
DA:139,6
DA:143,1
LF:58
LH:58
BRDA:18,1,0,12
BRDA:18,1,1,5
BRDA:19,2,0,12
BRDA:19,2,1,11
BRDA:20,3,0,12
BRDA:20,3,1,6
BRDA:47,4,0,4
BRDA:47,4,1,6
BRDA:112,5,0,1
BRDA:112,5,1,5
BRDA:112,6,0,6
BRDA:112,6,1,1
BRDA:112,6,2,1
BRDA:121,7,0,4
BRDA:121,7,1,2
BRDA:123,8,0,3
BRDA:123,8,1,1
BRF:17
BRH:17
end_of_record
TN:
SF:/Users/cliffano/dev/workspace/ae86/lib/functions.js
FN:12,(anonymous_1)
FN:21,date
FN:32,include
FN:45,relative
FN:60,title
FNF:5
FNH:5
FNDA:23,(anonymous_1)
FNDA:2,date
FNDA:3,include
FNDA:4,relative
FNDA:3,title
DA:1,1
DA:12,1
DA:21,1
DA:22,2
DA:32,1
DA:33,3
DA:45,1
DA:46,4
DA:47,4
DA:48,72
DA:49,5
DA:52,4
DA:60,1
DA:61,3
DA:66,23
LF:15
LH:15
BRDA:22,1,0,2
BRDA:22,1,1,1
BRDA:33,2,0,2
BRDA:33,2,1,1
BRDA:33,3,0,3
BRDA:33,3,1,2
BRDA:48,4,0,5
BRDA:48,4,1,67
BRDA:61,5,0,2
BRDA:61,5,1,1
BRDA:61,6,0,3
BRDA:61,6,1,2
BRF:12
BRH:12
end_of_record
TN:
SF:/Users/cliffano/dev/workspace/ae86/lib/cli.js
FN:4,_init
FN:9,_gen
FN:15,_watch
FN:21,_clean
FN:30,exec
FNF:5
FNH:5
FNDA:1,_init
FNDA:1,_gen
FNDA:2,_watch
FNDA:2,_clean
FNDA:7,exec
DA:1,1
DA:4,1
DA:5,1
DA:6,1
DA:9,1
DA:10,1
DA:11,1
DA:12,1
DA:15,1
DA:16,2
DA:17,2
DA:18,2
DA:21,1
DA:22,2
DA:23,2
DA:24,2
DA:30,1
DA:32,7
DA:42,7
DA:45,1
LF:20
LH:20
BRDA:10,1,0,1
BRDA:10,1,1,1
BRDA:16,2,0,2
BRDA:16,2,1,2
BRDA:22,3,0,2
BRDA:22,3,1,1
BRF:6
BRH:6
end_of_record
